  B.cpp
D:\C语言\2022code\Acwing\第八十六场周赛\B.cpp(17,8): warning C4477: “scanf”: 格式字符串“%d”需要类型“int *”的参数，但可变参数 1 拥有了类型“__int64 *”
D:\C语言\2022code\Acwing\第八十六场周赛\B.cpp(17,8): message : 请考虑在格式字符串中使用“%lld”
D:\C语言\2022code\Acwing\第八十六场周赛\B.cpp(17,8): message : 请考虑在格式字符串中使用“%Id”
D:\C语言\2022code\Acwing\第八十六场周赛\B.cpp(17,8): message : 请考虑在格式字符串中使用“%I64d”
D:\C语言\2022code\Acwing\第八十六场周赛\B.cpp(17,8): warning C4477: “scanf”: 格式字符串“%d”需要类型“int *”的参数，但可变参数 2 拥有了类型“__int64 *”
D:\C语言\2022code\Acwing\第八十六场周赛\B.cpp(17,8): message : 请考虑在格式字符串中使用“%lld”
D:\C语言\2022code\Acwing\第八十六场周赛\B.cpp(17,8): message : 请考虑在格式字符串中使用“%Id”
D:\C语言\2022code\Acwing\第八十六场周赛\B.cpp(17,8): message : 请考虑在格式字符串中使用“%I64d”
D:\C语言\2022code\Acwing\第八十六场周赛\B.cpp(22,11): warning C4244: “=”: 从“__int64”转换到“int”，可能丢失数据
D:\C语言\2022code\Acwing\第八十六场周赛\B.cpp(28,9): warning C4477: “scanf”: 格式字符串“%d”需要类型“int *”的参数，但可变参数 1 拥有了类型“__int64 *”
D:\C语言\2022code\Acwing\第八十六场周赛\B.cpp(28,9): message : 请考虑在格式字符串中使用“%lld”
D:\C语言\2022code\Acwing\第八十六场周赛\B.cpp(28,9): message : 请考虑在格式字符串中使用“%Id”
D:\C语言\2022code\Acwing\第八十六场周赛\B.cpp(28,9): message : 请考虑在格式字符串中使用“%I64d”
D:\C语言\2022code\Acwing\第八十六场周赛\B.cpp(28,9): warning C4477: “scanf”: 格式字符串“%d”需要类型“int *”的参数，但可变参数 2 拥有了类型“__int64 *”
D:\C语言\2022code\Acwing\第八十六场周赛\B.cpp(28,9): message : 请考虑在格式字符串中使用“%lld”
D:\C语言\2022code\Acwing\第八十六场周赛\B.cpp(28,9): message : 请考虑在格式字符串中使用“%Id”
D:\C语言\2022code\Acwing\第八十六场周赛\B.cpp(28,9): message : 请考虑在格式字符串中使用“%I64d”
D:\C语言\2022code\Acwing\第八十六场周赛\B.cpp(42,13): warning C4244: “=”: 从“__int64”转换到“int”，可能丢失数据
D:\C语言\2022code\Acwing\第八十六场周赛\B.cpp(50,13): warning C4244: “=”: 从“__int64”转换到“int”，可能丢失数据
D:\C语言\2022code\Acwing\第八十六场周赛\B.cpp(57,13): warning C4244: “=”: 从“__int64”转换到“int”，可能丢失数据
  第八十六场周赛.vcxproj -> D:\C语言\2022code\Acwing\第八十六场周赛\x64\Debug\第八十六场周赛.exe
